#
# A fatal error has been detected by the Java Runtime Environment:
#
#  Internal Error (oopMapCache.cpp:111), pid=77163, tid=39427
#  Error: ShouldNotReachHere()
#
# JRE version: Java(TM) SE Runtime Environment (15.0.2+7) (build 15.0.2+7-27)
# Java VM: Java HotSpot(TM) 64-Bit Server VM (15.0.2+7-27, mixed mode, sharing, tiered, compressed oops, g1 gc, bsd-amd64)
# No core dump will be written. Core dumps have been disabled. To enable core dumping, try "ulimit -c unlimited" before starting Java again
#
# If you would like to submit a bug report, please visit:
#   https://bugreport.java.com/bugreport/crash.jsp
#

---------------  S U M M A R Y ------------

Command Line: -XX:+ShowCodeDetailsInExceptionMessages -agentlib:jdwp=transport=dt_socket,suspend=y,address=localhost:51953 -javaagent:/Users/xavier/eclipse/java-2020-12/Eclipse.app/Contents/Eclipse/configuration/org.eclipse.osgi/213/0/.cp/lib/javaagent-shaded.jar -Dfile.encoding=UTF-8 SimpleCompetitions

Host: MacBookPro13,2 x86_64 2900 MHz, 4 cores, 8G, Darwin 17.7.0
Time: Sun Jun 20 14:26:12 2021 CST elapsed time: 1626.917196 seconds (0d 0h 27m 6s)

---------------  T H R E A D  ---------------

Current thread (0x00007fb7c583f200):  JavaThread "JDWP Transport Listener: dt_socket" daemon [_thread_in_vm, id=39427, stack(0x0000700007776000,0x0000700007876000)] _threads_hazard_ptr=0x00007fb7c4f25970

Stack: [0x0000700007776000,0x0000700007876000],  sp=0x0000700007874070,  free space=1016k
Native frames: (J=compiled Java code, A=aot compiled Java code, j=interpreted, Vv=VM code, C=native code)
V  [libjvm.dylib+0x9fe4cf]  _ZN7VMError14report_and_dieEiPKcS1_P13__va_list_tagP6ThreadPhPvS7_S1_im+0x6af
V  [libjvm.dylib+0x9feba1]  _ZN7VMError14report_and_dieEP6ThreadPvPKciS4_S4_P13__va_list_tag+0x41
V  [libjvm.dylib+0x2ff3aa]  _Z15report_vm_errorPKciS0_S0_z+0xaa
V  [libjvm.dylib+0x81be28]  _ZN19OopMapForCacheEntry11compute_mapEP6Thread+0x88
V  [libjvm.dylib+0x81cc0f]  _ZN16OopMapCacheEntry4fillERK12methodHandlei+0xef
V  [libjvm.dylib+0x81deeb]  _ZN11OopMapCache19compute_one_oop_mapERK12methodHandleiP17InterpreterOopMap+0x6b
V  [libjvm.dylib+0x7cd828]  _ZN6Method8mask_forEiP17InterpreterOopMap+0x128
V  [libjvm.dylib+0x9f030d]  _ZNK17interpretedVFrame10stack_dataEb+0x4d
V  [libjvm.dylib+0x6834ab]  _ZN16VM_GetOrSetLocal13doit_prologueEv+0x12b
V  [libjvm.dylib+0xa096bd]  _ZN8VMThread7executeEP12VM_Operation+0x12d
V  [libjvm.dylib+0x666f33]  _ZN8JvmtiEnv14GetLocalObjectEP10JavaThreadiiPP8_jobject+0x53
V  [libjvm.dylib+0x620aad]  _ZL20jvmti_GetLocalObjectP9_jvmtiEnvP8_jobjectiiPS2_+0x14d
C  [libjdwp.dylib+0x87c6]  thisObject+0x1d6
C  [libjdwp.dylib+0x10fd9]  debugLoop_run+0x219
C  [libjdwp.dylib+0x257e6]  attachThread+0x76
V  [libjvm.dylib+0x6813f6]  _ZN16JvmtiAgentThread19call_start_functionEv+0x86
V  [libjvm.dylib+0x99921f]  _ZN10JavaThread17thread_main_innerEv+0xaf
V  [libjvm.dylib+0x996411]  _ZN6Thread8call_runEv+0x71
V  [libjvm.dylib+0x828967]  _ZL19thread_native_entryP6Thread+0x197
C  [libsystem_pthread.dylib+0x3661]  _pthread_body+0x154
C  [libsystem_pthread.dylib+0x350d]  _pthread_body+0x0
C  [libsystem_pthread.dylib+0x2bf9]  thread_start+0xd


---------------  P R O C E S S  ---------------

Threads class SMR info:
_java_thread_list=0x00007fb7c4f25970, length=13, elements={
0x00007fb7c6807a00, 0x00007fb7c502fc00, 0x00007fb7c5032400, 0x00007fb7c603a000,
0x00007fb7c603a600, 0x00007fb7c603ac00, 0x00007fb7c6038200, 0x00007fb7c6038800,
0x00007fb7c5804000, 0x00007fb7c583f200, 0x00007fb7c68b7800, 0x00007fb7c68b7e00,
0x00007fb7c68e4a00
}

Java Threads: ( => current thread )
  0x00007fb7c6807a00 JavaThread "main" [_thread_blocked, id=7171, stack(0x0000000110dbc000,0x0000000110ebc000)]
  0x00007fb7c502fc00 JavaThread "Reference Handler" daemon [_thread_blocked, id=15363, stack(0x0000700006f5e000,0x000070000705e000)]
  0x00007fb7c5032400 JavaThread "Finalizer" daemon [_thread_blocked, id=16131, stack(0x0000700007061000,0x0000700007161000)]
  0x00007fb7c603a000 JavaThread "Signal Dispatcher" daemon [_thread_blocked, id=42503, stack(0x0000700007164000,0x0000700007264000)]
  0x00007fb7c603a600 JavaThread "Service Thread" daemon [_thread_blocked, id=23043, stack(0x0000700007267000,0x0000700007367000)]
  0x00007fb7c603ac00 JavaThread "C2 CompilerThread0" daemon [_thread_blocked, id=41219, stack(0x000070000736a000,0x000070000746a000)]
  0x00007fb7c6038200 JavaThread "C1 CompilerThread0" daemon [_thread_blocked, id=24067, stack(0x000070000746d000,0x000070000756d000)]
  0x00007fb7c6038800 JavaThread "Sweeper thread" daemon [_thread_blocked, id=24579, stack(0x0000700007570000,0x0000700007670000)]
  0x00007fb7c5804000 JavaThread "Common-Cleaner" daemon [_thread_blocked, id=25347, stack(0x0000700007673000,0x0000700007773000)]
=>0x00007fb7c583f200 JavaThread "JDWP Transport Listener: dt_socket" daemon [_thread_in_vm, id=39427, stack(0x0000700007776000,0x0000700007876000)] _threads_hazard_ptr=0x00007fb7c4f25970
  0x00007fb7c68b7800 JavaThread "JDWP Event Helper Thread" daemon [_thread_blocked, id=38659, stack(0x0000700007879000,0x0000700007979000)]
  0x00007fb7c68b7e00 JavaThread "JDWP Command Reader" daemon [_thread_in_native, id=26371, stack(0x000070000797c000,0x0000700007a7c000)]
  0x00007fb7c68e4a00 JavaThread "Notification Thread" daemon [_thread_blocked, id=37379, stack(0x0000700007a7f000,0x0000700007b7f000)]

Other Threads:
  0x00007fb7c4c152e0 VMThread "VM Thread" [stack: 0x0000700006e5b000,0x0000700006f5b000] [id=14851]
  0x00007fb7c4d48250 WatcherThread [stack: 0x0000700007b82000,0x0000700007c82000] [id=27139]
  0x00007fb7c4e145d0 GCTaskThread "GC Thread#0" [stack: 0x000070000694c000,0x0000700006a4c000] [id=12803]
  0x00007fb7c4d0b040 ConcurrentGCThread "G1 Main Marker" [stack: 0x0000700006a4f000,0x0000700006b4f000] [id=13059]
  0x00007fb7c4d0c110 ConcurrentGCThread "G1 Conc#0" [stack: 0x0000700006b52000,0x0000700006c52000] [id=13827]
  0x00007fb7c4d27b40 ConcurrentGCThread "G1 Refine#0" [stack: 0x0000700006c55000,0x0000700006d55000] [id=18947]
  0x00007fb7c4d28bc0 ConcurrentGCThread "G1 Young RemSet Sampling" [stack: 0x0000700006d58000,0x0000700006e58000] [id=18435]

Threads with active compile tasks:

VM state: not at safepoint (normal execution)

VM Mutex/Monitor currently owned by a thread: None

Heap address: 0x0000000780000000, size: 2048 MB, Compressed Oops mode: Zero based, Oop shift amount: 3
CDS archive(s) mapped at: [0x0000000800000000-0x0000000800b2d000-0x0000000800b2d000), size 11718656, SharedBaseAddress: 0x0000000800000000, ArchiveRelocationMode: 0.
Compressed class space mapped at: 0x0000000800b30000-0x0000000840b30000, size: 1073741824
Narrow klass base: 0x0000000800000000, Narrow klass shift: 3, Narrow klass range: 0x100000000

GC Precious Log:
 CPUs: 4 total, 4 available
 Memory: 8192M
 Large Page Support: Disabled
 NUMA Support: Disabled
 Compressed Oops: Enabled (Zero based)
 Heap Region Size: 1M
 Heap Min Capacity: 8M
 Heap Initial Capacity: 128M
 Heap Max Capacity: 2G
 Pre-touch: Disabled
 Parallel Workers: 4
 Concurrent Workers: 1
 Concurrent Refinement Workers: 4
 Periodic GC: Disabled

Heap:
 garbage-first heap   total 133120K, used 6952K [0x0000000780000000, 0x0000000800000000)
  region size 1024K, 8 young (8192K), 0 survivors (0K)
 Metaspace       used 3228K, capacity 4950K, committed 5120K, reserved 1056768K
  class space    used 309K, capacity 433K, committed 512K, reserved 1048576K

Heap Regions: E=young(eden), S=young(survivor), O=old, HS=humongous(starts), HC=humongous(continues), CS=collection set, F=free, OA=open archive, CA=closed archive, TAMS=top-at-mark-start (previous, next)
|   0|0x0000000780000000, 0x0000000780000000, 0x0000000780100000|  0%| F|  |TAMS 0x0000000780000000, 0x0000000780000000| Untracked 
|   1|0x0000000780100000, 0x0000000780100000, 0x0000000780200000|  0%| F|  |TAMS 0x0000000780100000, 0x0000000780100000| Untracked 
|   2|0x0000000780200000, 0x0000000780200000, 0x0000000780300000|  0%| F|  |TAMS 0x0000000780200000, 0x0000000780200000| Untracked 
|   3|0x0000000780300000, 0x0000000780300000, 0x0000000780400000|  0%| F|  |TAMS 0x0000000780300000, 0x0000000780300000| Untracked 
|   4|0x0000000780400000, 0x0000000780400000, 0x0000000780500000|  0%| F|  |TAMS 0x0000000780400000, 0x0000000780400000| Untracked 
|   5|0x0000000780500000, 0x0000000780500000, 0x0000000780600000|  0%| F|  |TAMS 0x0000000780500000, 0x0000000780500000| Untracked 
|   6|0x0000000780600000, 0x0000000780600000, 0x0000000780700000|  0%| F|  |TAMS 0x0000000780600000, 0x0000000780600000| Untracked 
|   7|0x0000000780700000, 0x0000000780700000, 0x0000000780800000|  0%| F|  |TAMS 0x0000000780700000, 0x0000000780700000| Untracked 
|   8|0x0000000780800000, 0x0000000780800000, 0x0000000780900000|  0%| F|  |TAMS 0x0000000780800000, 0x0000000780800000| Untracked 
|   9|0x0000000780900000, 0x0000000780900000, 0x0000000780a00000|  0%| F|  |TAMS 0x0000000780900000, 0x0000000780900000| Untracked 
|  10|0x0000000780a00000, 0x0000000780a00000, 0x0000000780b00000|  0%| F|  |TAMS 0x0000000780a00000, 0x0000000780a00000| Untracked 
|  11|0x0000000780b00000, 0x0000000780b00000, 0x0000000780c00000|  0%| F|  |TAMS 0x0000000780b00000, 0x0000000780b00000| Untracked 
|  12|0x0000000780c00000, 0x0000000780c00000, 0x0000000780d00000|  0%| F|  |TAMS 0x0000000780c00000, 0x0000000780c00000| Untracked 
|  13|0x0000000780d00000, 0x0000000780d00000, 0x0000000780e00000|  0%| F|  |TAMS 0x0000000780d00000, 0x0000000780d00000| Untracked 
|  14|0x0000000780e00000, 0x0000000780e00000, 0x0000000780f00000|  0%| F|  |TAMS 0x0000000780e00000, 0x0000000780e00000| Untracked 
|  15|0x0000000780f00000, 0x0000000780f00000, 0x0000000781000000|  0%| F|  |TAMS 0x0000000780f00000, 0x0000000780f00000| Untracked 
|  16|0x0000000781000000, 0x0000000781000000, 0x0000000781100000|  0%| F|  |TAMS 0x0000000781000000, 0x0000000781000000| Untracked 
|  17|0x0000000781100000, 0x0000000781100000, 0x0000000781200000|  0%| F|  |TAMS 0x0000000781100000, 0x0000000781100000| Untracked 
|  18|0x0000000781200000, 0x0000000781200000, 0x0000000781300000|  0%| F|  |TAMS 0x0000000781200000, 0x0000000781200000| Untracked 
|  19|0x0000000781300000, 0x0000000781300000, 0x0000000781400000|  0%| F|  |TAMS 0x0000000781300000, 0x0000000781300000| Untracked 
|  20|0x0000000781400000, 0x0000000781400000, 0x0000000781500000|  0%| F|  |TAMS 0x0000000781400000, 0x0000000781400000| Untracked 
|  21|0x0000000781500000, 0x0000000781500000, 0x0000000781600000|  0%| F|  |TAMS 0x0000000781500000, 0x0000000781500000| Untracked 
|  22|0x0000000781600000, 0x0000000781600000, 0x0000000781700000|  0%| F|  |TAMS 0x0000000781600000, 0x0000000781600000| Untracked 
|  23|0x0000000781700000, 0x0000000781700000, 0x0000000781800000|  0%| F|  |TAMS 0x0000000781700000, 0x0000000781700000| Untracked 
|  24|0x0000000781800000, 0x0000000781800000, 0x0000000781900000|  0%| F|  |TAMS 0x0000000781800000, 0x0000000781800000| Untracked 
|  25|0x0000000781900000, 0x0000000781900000, 0x0000000781a00000|  0%| F|  |TAMS 0x0000000781900000, 0x0000000781900000| Untracked 
|  26|0x0000000781a00000, 0x0000000781a00000, 0x0000000781b00000|  0%| F|  |TAMS 0x0000000781a00000, 0x0000000781a00000| Untracked 
|  27|0x0000000781b00000, 0x0000000781b00000, 0x0000000781c00000|  0%| F|  |TAMS 0x0000000781b00000, 0x0000000781b00000| Untracked 
|  28|0x0000000781c00000, 0x0000000781c00000, 0x0000000781d00000|  0%| F|  |TAMS 0x0000000781c00000, 0x0000000781c00000| Untracked 
|  29|0x0000000781d00000, 0x0000000781d00000, 0x0000000781e00000|  0%| F|  |TAMS 0x0000000781d00000, 0x0000000781d00000| Untracked 
|  30|0x0000000781e00000, 0x0000000781e00000, 0x0000000781f00000|  0%| F|  |TAMS 0x0000000781e00000, 0x0000000781e00000| Untracked 
|  31|0x0000000781f00000, 0x0000000781f00000, 0x0000000782000000|  0%| F|  |TAMS 0x0000000781f00000, 0x0000000781f00000| Untracked 
|  32|0x0000000782000000, 0x0000000782000000, 0x0000000782100000|  0%| F|  |TAMS 0x0000000782000000, 0x0000000782000000| Untracked 
|  33|0x0000000782100000, 0x0000000782100000, 0x0000000782200000|  0%| F|  |TAMS 0x0000000782100000, 0x0000000782100000| Untracked 
|  34|0x0000000782200000, 0x0000000782200000, 0x0000000782300000|  0%| F|  |TAMS 0x0000000782200000, 0x0000000782200000| Untracked 
|  35|0x0000000782300000, 0x0000000782300000, 0x0000000782400000|  0%| F|  |TAMS 0x0000000782300000, 0x0000000782300000| Untracked 
|  36|0x0000000782400000, 0x0000000782400000, 0x0000000782500000|  0%| F|  |TAMS 0x0000000782400000, 0x0000000782400000| Untracked 
|  37|0x0000000782500000, 0x0000000782500000, 0x0000000782600000|  0%| F|  |TAMS 0x0000000782500000, 0x0000000782500000| Untracked 
|  38|0x0000000782600000, 0x0000000782600000, 0x0000000782700000|  0%| F|  |TAMS 0x0000000782600000, 0x0000000782600000| Untracked 
|  39|0x0000000782700000, 0x0000000782700000, 0x0000000782800000|  0%| F|  |TAMS 0x0000000782700000, 0x0000000782700000| Untracked 
|  40|0x0000000782800000, 0x0000000782800000, 0x0000000782900000|  0%| F|  |TAMS 0x0000000782800000, 0x0000000782800000| Untracked 
|  41|0x0000000782900000, 0x0000000782900000, 0x0000000782a00000|  0%| F|  |TAMS 0x0000000782900000, 0x0000000782900000| Untracked 
|  42|0x0000000782a00000, 0x0000000782a00000, 0x0000000782b00000|  0%| F|  |TAMS 0x0000000782a00000, 0x0000000782a00000| Untracked 
|  43|0x0000000782b00000, 0x0000000782b00000, 0x0000000782c00000|  0%| F|  |TAMS 0x0000000782b00000, 0x0000000782b00000| Untracked 
|  44|0x0000000782c00000, 0x0000000782c00000, 0x0000000782d00000|  0%| F|  |TAMS 0x0000000782c00000, 0x0000000782c00000| Untracked 
|  45|0x0000000782d00000, 0x0000000782d00000, 0x0000000782e00000|  0%| F|  |TAMS 0x0000000782d00000, 0x0000000782d00000| Untracked 
|  46|0x0000000782e00000, 0x0000000782e00000, 0x0000000782f00000|  0%| F|  |TAMS 0x0000000782e00000, 0x0000000782e00000| Untracked 
|  47|0x0000000782f00000, 0x0000000782f00000, 0x0000000783000000|  0%| F|  |TAMS 0x0000000782f00000, 0x0000000782f00000| Untracked 
|  48|0x0000000783000000, 0x0000000783000000, 0x0000000783100000|  0%| F|  |TAMS 0x0000000783000000, 0x0000000783000000| Untracked 
|  49|0x0000000783100000, 0x0000000783100000, 0x0000000783200000|  0%| F|  |TAMS 0x0000000783100000, 0x0000000783100000| Untracked 
|  50|0x0000000783200000, 0x0000000783200000, 0x0000000783300000|  0%| F|  |TAMS 0x0000000783200000, 0x0000000783200000| Untracked 
|  51|0x0000000783300000, 0x0000000783300000, 0x0000000783400000|  0%| F|  |TAMS 0x0000000783300000, 0x0000000783300000| Untracked 
|  52|0x0000000783400000, 0x0000000783400000, 0x0000000783500000|  0%| F|  |TAMS 0x0000000783400000, 0x0000000783400000| Untracked 
|  53|0x0000000783500000, 0x0000000783500000, 0x0000000783600000|  0%| F|  |TAMS 0x0000000783500000, 0x0000000783500000| Untracked 
|  54|0x0000000783600000, 0x0000000783600000, 0x0000000783700000|  0%| F|  |TAMS 0x0000000783600000, 0x0000000783600000| Untracked 
|  55|0x0000000783700000, 0x0000000783700000, 0x0000000783800000|  0%| F|  |TAMS 0x0000000783700000, 0x0000000783700000| Untracked 
|  56|0x0000000783800000, 0x0000000783800000, 0x0000000783900000|  0%| F|  |TAMS 0x0000000783800000, 0x0000000783800000| Untracked 
|  57|0x0000000783900000, 0x0000000783900000, 0x0000000783a00000|  0%| F|  |TAMS 0x0000000783900000, 0x0000000783900000| Untracked 
|  58|0x0000000783a00000, 0x0000000783a00000, 0x0000000783b00000|  0%| F|  |TAMS 0x0000000783a00000, 0x0000000783a00000| Untracked 
|  59|0x0000000783b00000, 0x0000000783b00000, 0x0000000783c00000|  0%| F|  |TAMS 0x0000000783b00000, 0x0000000783b00000| Untracked 
|  60|0x0000000783c00000, 0x0000000783c00000, 0x0000000783d00000|  0%| F|  |TAMS 0x0000000783c00000, 0x0000000783c00000| Untracked 
|  61|0x0000000783d00000, 0x0000000783d00000, 0x0000000783e00000|  0%| F|  |TAMS 0x0000000783d00000, 0x0000000783d00000| Untracked 
|  62|0x0000000783e00000, 0x0000000783e00000, 0x0000000783f00000|  0%| F|  |TAMS 0x0000000783e00000, 0x0000000783e00000| Untracked 
|  63|0x0000000783f00000, 0x0000000783f00000, 0x0000000784000000|  0%| F|  |TAMS 0x0000000783f00000, 0x0000000783f00000| Untracked 
|  64|0x0000000784000000, 0x0000000784000000, 0x0000000784100000|  0%| F|  |TAMS 0x0000000784000000, 0x0000000784000000| Untracked 
|  65|0x0000000784100000, 0x0000000784100000, 0x0000000784200000|  0%| F|  |TAMS 0x0000000784100000, 0x0000000784100000| Untracked 
|  66|0x0000000784200000, 0x0000000784200000, 0x0000000784300000|  0%| F|  |TAMS 0x0000000784200000, 0x0000000784200000| Untracked 
|  67|0x0000000784300000, 0x0000000784300000, 0x0000000784400000|  0%| F|  |TAMS 0x0000000784300000, 0x0000000784300000| Untracked 
|  68|0x0000000784400000, 0x0000000784400000, 0x0000000784500000|  0%| F|  |TAMS 0x0000000784400000, 0x0000000784400000| Untracked 
|  69|0x0000000784500000, 0x0000000784500000, 0x0000000784600000|  0%| F|  |TAMS 0x0000000784500000, 0x0000000784500000| Untracked 
|  70|0x0000000784600000, 0x0000000784600000, 0x0000000784700000|  0%| F|  |TAMS 0x0000000784600000, 0x0000000784600000| Untracked 
|  71|0x0000000784700000, 0x0000000784700000, 0x0000000784800000|  0%| F|  |TAMS 0x0000000784700000, 0x0000000784700000| Untracked 
|  72|0x0000000784800000, 0x0000000784800000, 0x0000000784900000|  0%| F|  |TAMS 0x0000000784800000, 0x0000000784800000| Untracked 
|  73|0x0000000784900000, 0x0000000784900000, 0x0000000784a00000|  0%| F|  |TAMS 0x0000000784900000, 0x0000000784900000| Untracked 
|  74|0x0000000784a00000, 0x0000000784a00000, 0x0000000784b00000|  0%| F|  |TAMS 0x0000000784a00000, 0x0000000784a00000| Untracked 
|  75|0x0000000784b00000, 0x0000000784b00000, 0x0000000784c00000|  0%| F|  |TAMS 0x0000000784b00000, 0x0000000784b00000| Untracked 
|  76|0x0000000784c00000, 0x0000000784c00000, 0x0000000784d00000|  0%| F|  |TAMS 0x0000000784c00000, 0x0000000784c00000| Untracked 
|  77|0x0000000784d00000, 0x0000000784d00000, 0x0000000784e00000|  0%| F|  |TAMS 0x0000000784d00000, 0x0000000784d00000| Untracked 
|  78|0x0000000784e00000, 0x0000000784e00000, 0x0000000784f00000|  0%| F|  |TAMS 0x0000000784e00000, 0x0000000784e00000| Untracked 
|  79|0x0000000784f00000, 0x0000000784f00000, 0x0000000785000000|  0%| F|  |TAMS 0x0000000784f00000, 0x0000000784f00000| Untracked 
|  80|0x0000000785000000, 0x0000000785000000, 0x0000000785100000|  0%| F|  |TAMS 0x0000000785000000, 0x0000000785000000| Untracked 
|  81|0x0000000785100000, 0x0000000785100000, 0x0000000785200000|  0%| F|  |TAMS 0x0000000785100000, 0x0000000785100000| Untracked 
|  82|0x0000000785200000, 0x0000000785200000, 0x0000000785300000|  0%| F|  |TAMS 0x0000000785200000, 0x0000000785200000| Untracked 
|  83|0x0000000785300000, 0x0000000785300000, 0x0000000785400000|  0%| F|  |TAMS 0x0000000785300000, 0x0000000785300000| Untracked 
|  84|0x0000000785400000, 0x0000000785400000, 0x0000000785500000|  0%| F|  |TAMS 0x0000000785400000, 0x0000000785400000| Untracked 
|  85|0x0000000785500000, 0x0000000785500000, 0x0000000785600000|  0%| F|  |TAMS 0x0000000785500000, 0x0000000785500000| Untracked 
|  86|0x0000000785600000, 0x0000000785600000, 0x0000000785700000|  0%| F|  |TAMS 0x0000000785600000, 0x0000000785600000| Untracked 
|  87|0x0000000785700000, 0x0000000785700000, 0x0000000785800000|  0%| F|  |TAMS 0x0000000785700000, 0x0000000785700000| Untracked 
|  88|0x0000000785800000, 0x0000000785800000, 0x0000000785900000|  0%| F|  |TAMS 0x0000000785800000, 0x0000000785800000| Untracked 
|  89|0x0000000785900000, 0x0000000785900000, 0x0000000785a00000|  0%| F|  |TAMS 0x0000000785900000, 0x0000000785900000| Untracked 
|  90|0x0000000785a00000, 0x0000000785a00000, 0x0000000785b00000|  0%| F|  |TAMS 0x0000000785a00000, 0x0000000785a00000| Untracked 
|  91|0x0000000785b00000, 0x0000000785b00000, 0x0000000785c00000|  0%| F|  |TAMS 0x0000000785b00000, 0x0000000785b00000| Untracked 
|  92|0x0000000785c00000, 0x0000000785c00000, 0x0000000785d00000|  0%| F|  |TAMS 0x0000000785c00000, 0x0000000785c00000| Untracked 
|  93|0x0000000785d00000, 0x0000000785d00000, 0x0000000785e00000|  0%| F|  |TAMS 0x0000000785d00000, 0x0000000785d00000| Untracked 
|  94|0x0000000785e00000, 0x0000000785e00000, 0x0000000785f00000|  0%| F|  |TAMS 0x0000000785e00000, 0x0000000785e00000| Untracked 
|  95|0x0000000785f00000, 0x0000000785f00000, 0x0000000786000000|  0%| F|  |TAMS 0x0000000785f00000, 0x0000000785f00000| Untracked 
|  96|0x0000000786000000, 0x0000000786000000, 0x0000000786100000|  0%| F|  |TAMS 0x0000000786000000, 0x0000000786000000| Untracked 
|  97|0x0000000786100000, 0x0000000786100000, 0x0000000786200000|  0%| F|  |TAMS 0x0000000786100000, 0x0000000786100000| Untracked 
|  98|0x0000000786200000, 0x0000000786200000, 0x0000000786300000|  0%| F|  |TAMS 0x0000000786200000, 0x0000000786200000| Untracked 
|  99|0x0000000786300000, 0x0000000786300000, 0x0000000786400000|  0%| F|  |TAMS 0x0000000786300000, 0x0000000786300000| Untracked 
| 100|0x0000000786400000, 0x0000000786400000, 0x0000000786500000|  0%| F|  |TAMS 0x0000000786400000, 0x0000000786400000| Untracked 
| 101|0x0000000786500000, 0x0000000786500000, 0x0000000786600000|  0%| F|  |TAMS 0x0000000786500000, 0x0000000786500000| Untracked 
| 102|0x0000000786600000, 0x0000000786600000, 0x0000000786700000|  0%| F|  |TAMS 0x0000000786600000, 0x0000000786600000| Untracked 
| 103|0x0000000786700000, 0x0000000786700000, 0x0000000786800000|  0%| F|  |TAMS 0x0000000786700000, 0x0000000786700000| Untracked 
| 104|0x0000000786800000, 0x0000000786800000, 0x0000000786900000|  0%| F|  |TAMS 0x0000000786800000, 0x0000000786800000| Untracked 
| 105|0x0000000786900000, 0x0000000786900000, 0x0000000786a00000|  0%| F|  |TAMS 0x0000000786900000, 0x0000000786900000| Untracked 
| 106|0x0000000786a00000, 0x0000000786a00000, 0x0000000786b00000|  0%| F|  |TAMS 0x0000000786a00000, 0x0000000786a00000| Untracked 
| 107|0x0000000786b00000, 0x0000000786b00000, 0x0000000786c00000|  0%| F|  |TAMS 0x0000000786b00000, 0x0000000786b00000| Untracked 
| 108|0x0000000786c00000, 0x0000000786c00000, 0x0000000786d00000|  0%| F|  |TAMS 0x0000000786c00000, 0x0000000786c00000| Untracked 
| 109|0x0000000786d00000, 0x0000000786d00000, 0x0000000786e00000|  0%| F|  |TAMS 0x0000000786d00000, 0x0000000786d00000| Untracked 
| 110|0x0000000786e00000, 0x0000000786e00000, 0x0000000786f00000|  0%| F|  |TAMS 0x0000000786e00000, 0x0000000786e00000| Untracked 
| 111|0x0000000786f00000, 0x0000000786f00000, 0x0000000787000000|  0%| F|  |TAMS 0x0000000786f00000, 0x0000000786f00000| Untracked 
| 112|0x0000000787000000, 0x0000000787000000, 0x0000000787100000|  0%| F|  |TAMS 0x0000000787000000, 0x0000000787000000| Untracked 
| 113|0x0000000787100000, 0x0000000787100000, 0x0000000787200000|  0%| F|  |TAMS 0x0000000787100000, 0x0000000787100000| Untracked 
| 114|0x0000000787200000, 0x0000000787200000, 0x0000000787300000|  0%| F|  |TAMS 0x0000000787200000, 0x0000000787200000| Untracked 
| 115|0x0000000787300000, 0x0000000787300000, 0x0000000787400000|  0%| F|  |TAMS 0x0000000787300000, 0x0000000787300000| Untracked 
| 116|0x0000000787400000, 0x0000000787400000, 0x0000000787500000|  0%| F|  |TAMS 0x0000000787400000, 0x0000000787400000| Untracked 
| 117|0x0000000787500000, 0x0000000787500000, 0x0000000787600000|  0%| F|  |TAMS 0x0000000787500000, 0x0000000787500000| Untracked 
| 118|0x0000000787600000, 0x0000000787600000, 0x0000000787700000|  0%| F|  |TAMS 0x0000000787600000, 0x0000000787600000| Untracked 
| 119|0x0000000787700000, 0x0000000787700000, 0x0000000787800000|  0%| F|  |TAMS 0x0000000787700000, 0x0000000787700000| Untracked 
| 120|0x0000000787800000, 0x0000000787843128, 0x0000000787900000| 26%| E|  |TAMS 0x0000000787800000, 0x0000000787800000| Complete 
| 121|0x0000000787900000, 0x0000000787a00000, 0x0000000787a00000|100%| E|CS|TAMS 0x0000000787900000, 0x0000000787900000| Complete 
| 122|0x0000000787a00000, 0x0000000787b00000, 0x0000000787b00000|100%| E|CS|TAMS 0x0000000787a00000, 0x0000000787a00000| Complete 
| 123|0x0000000787b00000, 0x0000000787c00000, 0x0000000787c00000|100%| E|CS|TAMS 0x0000000787b00000, 0x0000000787b00000| Complete 
| 124|0x0000000787c00000, 0x0000000787d00000, 0x0000000787d00000|100%| E|  |TAMS 0x0000000787c00000, 0x0000000787c00000| Complete 
| 125|0x0000000787d00000, 0x0000000787e00000, 0x0000000787e00000|100%| E|CS|TAMS 0x0000000787d00000, 0x0000000787d00000| Complete 
| 126|0x0000000787e00000, 0x0000000787f00000, 0x0000000787f00000|100%| E|CS|TAMS 0x0000000787e00000, 0x0000000787e00000| Complete 
| 127|0x0000000787f00000, 0x0000000788000000, 0x0000000788000000|100%| E|CS|TAMS 0x0000000787f00000, 0x0000000787f00000| Complete 
|1022|0x00000007bfe00000, 0x00000007bfe51000, 0x00000007bff00000| 31%|OA|  |TAMS 0x00000007bfe00000, 0x00000007bfe00000| Untracked 
|1023|0x00000007bff00000, 0x00000007bff79000, 0x00000007c0000000| 47%|CA|  |TAMS 0x00000007bff00000, 0x00000007bff00000| Untracked 

Card table byte_map: [0x000000011195d000,0x0000000111d5d000] _byte_map_base: 0x000000010dd5d000

Marking Bits (Prev, Next): (CMBitMap*) 0x00007fb7c6810610, (CMBitMap*) 0x00007fb7c6810650
 Prev Bits: [0x000000011215d000, 0x000000011415d000)
 Next Bits: [0x000000011415d000, 0x000000011615d000)

Polling page: 0x000000010f5bb000

Metaspace:

Usage:
  Non-class:      4.41 MB capacity,     2.85 MB ( 65%) used,     1.56 MB ( 35%) free+waste,     1.44 KB ( <1%) overhead. 
      Class:    433.00 KB capacity,   309.66 KB ( 72%) used,   122.52 KB ( 28%) free+waste,   832 bytes ( <1%) overhead. 
       Both:      4.83 MB capacity,     3.15 MB ( 65%) used,     1.68 MB ( 35%) free+waste,     2.25 KB ( <1%) overhead. 

Virtual space:
  Non-class space:        8.00 MB reserved,       4.50 MB ( 56%) committed 
      Class space:        1.00 GB reserved,     512.00 KB ( <1%) committed 
             Both:        1.01 GB reserved,       5.00 MB ( <1%) committed 

Chunk freelists:
   Non-Class:  11.00 KB
       Class:  15.00 KB
        Both:  26.00 KB

MaxMetaspaceSize: 17179869184.00 GB
CompressedClassSpaceSize: 1.00 GB

CodeHeap 'non-profiled nmethods': size=120032Kb used=166Kb max_used=166Kb free=119865Kb
 bounds [0x00000001277b9000, 0x0000000127a29000, 0x000000012ecf1000]
CodeHeap 'profiled nmethods': size=120028Kb used=646Kb max_used=646Kb free=119381Kb
 bounds [0x0000000120282000, 0x00000001204f2000, 0x00000001277b9000]
CodeHeap 'non-nmethods': size=5700Kb used=1214Kb max_used=1230Kb free=4485Kb
 bounds [0x000000011fcf1000, 0x000000011ff61000, 0x0000000120282000]
 total_blobs=911 nmethods=513 adapters=312
 compilation: enabled
              stopped_count=0, restarted_count=0
 full_count=0

Compilation events (20 events):
Event: 825.037 Thread 0x00007fb7c603ac00  510       4       org.eclipse.jdt.launching.internal.org.objectweb.asm.ClassReader::readUtf (44 bytes)
Event: 825.043 Thread 0x00007fb7c603ac00 nmethod 510 0x00000001277e0f10 code [0x00000001277e10a0, 0x00000001277e1448]
Event: 910.605 Thread 0x00007fb7c603ac00  512       4       java.lang.String::hashCode (60 bytes)
Event: 910.605 Thread 0x00007fb7c6038200  513       1       org.eclipse.jdt.launching.internal.org.objectweb.asm.MethodWriter::hasAsmInstructions (5 bytes)
Event: 910.606 Thread 0x00007fb7c6038200 nmethod 513 0x00000001277e1690 code [0x00000001277e1820, 0x00000001277e18d0]
Event: 910.611 Thread 0x00007fb7c603ac00 

Event: 1015.862 Thread 0x00007fb7c603ac00  514       4       java.lang.String::hashCode (60 bytes)
Event: 1015.871 Thread 0x00007fb7c603ac00 nmethod 514 0x00000001277e1990 code [0x00000001277e1b20, 0x00000001277e1d68]
Event: 1101.593 Thread 0x00007fb7c603ac00  515       4       org.eclipse.jdt.launching.internal.org.objectweb.asm.ClassReader::readUTF8 (23 bytes)
Event: 1101.606 Thread 0x00007fb7c603ac00 

Event: 1199.478 Thread 0x00007fb7c603ac00  516       4       org.eclipse.jdt.launching.internal.org.objectweb.asm.Symbol::<init> (38 bytes)
Event: 1199.482 Thread 0x00007fb7c603ac00 nmethod 516 0x00000001277e1e90 code [0x00000001277e2000, 0x00000001277e2358]
Event: 1259.471 Thread 0x00007fb7c603ac00  517       4       org.eclipse.jdt.launching.internal.org.objectweb.asm.ClassReader::readUTF8 (23 bytes)
Event: 1259.479 Thread 0x00007fb7c603ac00 

Event: 1440.893 Thread 0x00007fb7c6038200  518       3       org.eclipse.jdt.launching.internal.org.objectweb.asm.ByteVector::putByteArray (49 bytes)
Event: 1440.894 Thread 0x00007fb7c6038200 nmethod 518 0x0000000120323610 code [0x00000001203237c0, 0x0000000120323a70]
Event: 1514.534 Thread 0x00007fb7c603ac00  520       4       org.eclipse.jdt.launching.internal.org.objectweb.asm.ClassReader::readUTF8 (23 bytes)
Event: 1514.541 Thread 0x00007fb7c603ac00 

Event: 1514.541 Thread 0x00007fb7c603ac00  519       4       org.eclipse.jdt.launching.internal.org.objectweb.asm.SymbolTable::add (39 bytes)
Event: 1514.545 Thread 0x00007fb7c603ac00 nmethod 519 0x00000001277e2410 code [0x00000001277e25a0, 0x00000001277e2978]

GC Heap History (0 events):
No events

Deoptimization events (20 events):
Event: 0.408 Thread 0x00007fb7c6807a00 Uncommon trap: trap_request=0xffffff45 fr.pc=0x00000001277c23e8 relative=0x0000000000000268
Event: 0.408 Thread 0x00007fb7c6807a00 Uncommon trap: reason=unstable_if action=reinterpret pc=0x00000001277c23e8 method=java.lang.String.hashCode()I @ 42 c2
Event: 0.408 Thread 0x00007fb7c6807a00 DEOPT PACKING pc=0x00000001277c23e8 sp=0x0000000110eb6360
Event: 0.408 Thread 0x00007fb7c6807a00 DEOPT UNPACKING pc=0x000000011fd3f125 sp=0x0000000110eb6310 mode 2
Event: 0.431 Thread 0x00007fb7c6807a00 DEOPT PACKING pc=0x00000001202c9975 sp=0x0000000110ebb270
Event: 0.431 Thread 0x00007fb7c6807a00 DEOPT UNPACKING pc=0x000000011fd3ef2b sp=0x0000000110eba728 mode 0
Event: 0.434 Thread 0x00007fb7c6807a00 Uncommon trap: trap_request=0xffffff45 fr.pc=0x00000001277c54dc relative=0x000000000000005c
Event: 0.434 Thread 0x00007fb7c6807a00 Uncommon trap: reason=unstable_if action=reinterpret pc=0x00000001277c54dc method=java.lang.String.isLatin1()Z @ 10 c2
Event: 0.434 Thread 0x00007fb7c6807a00 DEOPT PACKING pc=0x00000001277c54dc sp=0x0000000110ebb350
Event: 0.434 Thread 0x00007fb7c6807a00 DEOPT UNPACKING pc=0x000000011fd3f125 sp=0x0000000110ebb310 mode 2
Event: 0.434 Thread 0x00007fb7c6807a00 Uncommon trap: trap_request=0xffffff45 fr.pc=0x00000001277cae44 relative=0x0000000000000044
Event: 0.434 Thread 0x00007fb7c6807a00 Uncommon trap: reason=unstable_if action=reinterpret pc=0x00000001277cae44 method=java.lang.CharacterData.of(I)Ljava/lang/CharacterData; @ 4 c2
Event: 0.434 Thread 0x00007fb7c6807a00 DEOPT PACKING pc=0x00000001277cae44 sp=0x0000000110ebae90
Event: 0.434 Thread 0x00007fb7c6807a00 DEOPT UNPACKING pc=0x000000011fd3f125 sp=0x0000000110ebae50 mode 2
Event: 0.456 Thread 0x00007fb7c6807a00 Uncommon trap: trap_request=0xffffff45 fr.pc=0x00000001277cd534 relative=0x00000000000000b4
Event: 0.456 Thread 0x00007fb7c6807a00 Uncommon trap: reason=unstable_if action=reinterpret pc=0x00000001277cd534 method=java.lang.CharacterDataLatin1.digit(II)I @ 12 c2
Event: 0.456 Thread 0x00007fb7c6807a00 DEOPT PACKING pc=0x00000001277cd534 sp=0x0000000110ebb710
Event: 0.456 Thread 0x00007fb7c6807a00 DEOPT UNPACKING pc=0x000000011fd3f125 sp=0x0000000110ebb6b8 mode 2
Event: 0.456 Thread 0x00007fb7c6807a00 DEOPT PACKING pc=0x00000001202c107c sp=0x0000000110ebb8c0
Event: 0.456 Thread 0x00007fb7c6807a00 DEOPT UNPACKING pc=0x000000011fd3ef2b sp=0x0000000110ebad88 mode 1

Classes unloaded (0 events):
No events

Classes redefined (12 events):
Event: 161.486 Thread 0x00007fb7c4c152e0 redefined class name=LuckyNumbersCompetition, count=1
Event: 306.047 Thread 0x00007fb7c4c152e0 redefined class name=LuckyNumbersCompetition, count=2
Event: 472.852 Thread 0x00007fb7c4c152e0 redefined class name=LuckyNumbersCompetition, count=3
Event: 825.034 Thread 0x00007fb7c4c152e0 redefined class name=LuckyNumbersCompetition, count=4
Event: 910.608 Thread 0x00007fb7c4c152e0 redefined class name=LuckyNumbersCompetition, count=5
Event: 1015.864 Thread 0x00007fb7c4c152e0 redefined class name=LuckyNumbersCompetition, count=6
Event: 1101.595 Thread 0x00007fb7c4c152e0 redefined class name=LuckyNumbersCompetition, count=7
Event: 1199.475 Thread 0x00007fb7c4c152e0 redefined class name=LuckyNumbersCompetition, count=8
Event: 1259.473 Thread 0x00007fb7c4c152e0 redefined class name=LuckyNumbersCompetition, count=9
Event: 1440.896 Thread 0x00007fb7c4c152e0 redefined class name=LuckyNumbersCompetition, count=10
Event: 1514.537 Thread 0x00007fb7c4c152e0 redefined class name=LuckyNumbersCompetition, count=11
Event: 1626.895 Thread 0x00007fb7c4c152e0 redefined class name=LuckyNumbersCompetition, count=12

Internal exceptions (5 events):
Event: 0.247 Thread 0x00007fb7c6807a00 Implicit null exception at 0x00000001277c4635 to 0x00000001277c479c
Event: 0.276 Thread 0x00007fb7c6807a00 Exception <a 'java/lang/NoSuchMethodError'{0x0000000787ecba20}: 'void java.lang.invoke.DirectMethodHandle$Holder.invokeStatic(java.lang.Object, java.lang.Object)'> (0x0000000787ecba20) 
thrown [./open/src/hotspot/share/interpreter/linkResolver.cpp, line 782]
Event: 0.276 Thread 0x00007fb7c6807a00 Exception <a 'java/lang/NoSuchMethodError'{0x0000000787ecf810}: 'void java.lang.invoke.DirectMethodHandle$Holder.invokeStaticInit(java.lang.Object, java.lang.Object)'> (0x0000000787ecf810) 
thrown [./open/src/hotspot/share/interpreter/linkResolver.cpp, line 782]
Event: 0.353 Thread 0x00007fb7c6807a00 Exception <a 'java/lang/NoSuchMethodError'{0x0000000787c649b8}: 'java.lang.Object java.lang.invoke.DirectMethodHandle$Holder.invokeStatic(java.lang.Object)'> (0x0000000787c649b8) 
thrown [./open/src/hotspot/share/interpreter/linkResolver.cpp, line 782]
Event: 1626.915 Thread 0x00007fb7c583f200 Exception <a 'java/lang/LinkageError'{0x0000000787809cc8}> (0x0000000787809cc8) 
thrown [./open/src/hotspot/share/oops/generateOopMap.cpp, line 2137]

Events (20 events):
Event: 1626.911 Executing VM operation: ChangeBreakpoints
Event: 1626.912 Executing VM operation: ChangeBreakpoints done
Event: 1626.912 Executing VM operation: ChangeBreakpoints
Event: 1626.912 Executing VM operation: ChangeBreakpoints done
Event: 1626.914 Executing VM operation: GetFrameCount
Event: 1626.914 Executing VM operation: GetFrameCount done
Event: 1626.914 Executing VM operation: GetStackTrace
Event: 1626.914 Executing VM operation: GetStackTrace done
Event: 1626.914 Executing VM operation: GetFrameCount
Event: 1626.914 Executing VM operation: GetFrameCount done
Event: 1626.914 Executing VM operation: SetFramePop
Event: 1626.914 Executing VM operation: SetFramePop done
Event: 1626.914 Executing VM operation: GetFrameLocation
Event: 1626.914 Executing VM operation: GetFrameLocation done
Event: 1626.915 Executing VM operation: GetCurrentLocation
Event: 1626.915 Executing VM operation: GetCurrentLocation done
Event: 1626.915 Executing VM operation: ChangeSingleStep
Event: 1626.915 Executing VM operation: ChangeSingleStep done
Event: 1626.915 Executing VM operation: GetFrameLocation
Event: 1626.915 Executing VM operation: GetFrameLocation done


Dynamic libraries:
0x00007fff6626e000 	/usr/lib/libz.1.dylib
0x000000010f57a000 	/Library/Java/JavaVirtualMachines/jdk-15.0.2.jdk/Contents/Home/lib/libjli.dylib
0x00007fff3dca4000 	/System/Library/Frameworks/Cocoa.framework/Versions/A/Cocoa
0x00007fff4a2dd000 	/System/Library/Frameworks/Security.framework/Versions/A/Security
0x00007fff3c8e2000 	/System/Library/Frameworks/ApplicationServices.framework/Versions/A/ApplicationServices
0x00007fff6419b000 	/usr/lib/libSystem.B.dylib
0x00007fff6631c000 	/usr/lib/system/libcache.dylib
0x00007fff66321000 	/usr/lib/system/libcommonCrypto.dylib
0x00007fff6632c000 	/usr/lib/system/libcompiler_rt.dylib
0x00007fff66334000 	/usr/lib/system/libcopyfile.dylib
0x00007fff6633e000 	/usr/lib/system/libcorecrypto.dylib
0x00007fff6644b000 	/usr/lib/system/libdispatch.dylib
0x00007fff66485000 	/usr/lib/system/libdyld.dylib
0x00007fff664a3000 	/usr/lib/system/libkeymgr.dylib
0x00007fff664b1000 	/usr/lib/system/liblaunch.dylib
0x00007fff664b2000 	/usr/lib/system/libmacho.dylib
0x00007fff664b7000 	/usr/lib/system/libquarantine.dylib
0x00007fff664ba000 	/usr/lib/system/libremovefile.dylib
0x00007fff664bc000 	/usr/lib/system/libsystem_asl.dylib
0x00007fff664d4000 	/usr/lib/system/libsystem_blocks.dylib
0x00007fff664d5000 	/usr/lib/system/libsystem_c.dylib
0x00007fff6655f000 	/usr/lib/system/libsystem_configuration.dylib
0x00007fff66563000 	/usr/lib/system/libsystem_coreservices.dylib
0x00007fff66567000 	/usr/lib/system/libsystem_darwin.dylib
0x00007fff66569000 	/usr/lib/system/libsystem_dnssd.dylib
0x00007fff66570000 	/usr/lib/system/libsystem_info.dylib
0x00007fff665e1000 	/usr/lib/system/libsystem_m.dylib
0x00007fff6662d000 	/usr/lib/system/libsystem_malloc.dylib
0x00007fff6664d000 	/usr/lib/system/libsystem_network.dylib
0x00007fff6677e000 	/usr/lib/system/libsystem_networkextension.dylib
0x00007fff66789000 	/usr/lib/system/libsystem_notify.dylib
0x00007fff667a7000 	/usr/lib/system/libsystem_sandbox.dylib
0x00007fff667ab000 	/usr/lib/system/libsystem_secinit.dylib
0x00007fff665ba000 	/usr/lib/system/libsystem_kernel.dylib
0x00007fff66793000 	/usr/lib/system/libsystem_platform.dylib
0x00007fff6679b000 	/usr/lib/system/libsystem_pthread.dylib
0x00007fff667ad000 	/usr/lib/system/libsystem_symptoms.dylib
0x00007fff667b5000 	/usr/lib/system/libsystem_trace.dylib
0x00007fff667cb000 	/usr/lib/system/libunwind.dylib
0x00007fff667d1000 	/usr/lib/system/libxpc.dylib
0x00007fff63c61000 	/usr/lib/closure/libclosured.dylib
0x00007fff65854000 	/usr/lib/libobjc.A.dylib
0x00007fff64428000 	/usr/lib/libc++abi.dylib
0x00007fff643d1000 	/usr/lib/libc++.1.dylib
0x00007fff3e457000 	/System/Library/Frameworks/CoreFoundation.framework/Versions/A/CoreFoundation
0x00007fff405bb000 	/System/Library/Frameworks/Foundation.framework/Versions/C/Foundation
0x00007fff3ba32000 	/System/Library/Frameworks/AppKit.framework/Versions/C/AppKit
0x00007fff3e01c000 	/System/Library/Frameworks/CoreData.framework/Versions/A/CoreData
0x00007fff5da4e000 	/System/Library/PrivateFrameworks/RemoteViewServices.framework/Versions/A/RemoteViewServices
0x00007fff621cc000 	/System/Library/PrivateFrameworks/UIFoundation.framework/Versions/A/UIFoundation
0x00007fff527f8000 	/System/Library/PrivateFrameworks/DFRFoundation.framework/Versions/A/DFRFoundation
0x00007fff42c3c000 	/System/Library/Frameworks/Metal.framework/Versions/A/Metal
0x00007fff52995000 	/System/Library/PrivateFrameworks/DesktopServicesPriv.framework/Versions/A/DesktopServicesPriv
0x00007fff64da1000 	/usr/lib/libenergytrace.dylib
0x00007fff60236000 	/System/Library/PrivateFrameworks/SkyLight.framework/Versions/A/SkyLight
0x00007fff3e8fc000 	/System/Library/Frameworks/CoreGraphics.framework/Versions/A/CoreGraphics
0x00007fff64196000 	/usr/lib/libScreenReader.dylib
0x00007fff3a9cc000 	/System/Library/Frameworks/Accelerate.framework/Versions/A/Accelerate
0x00007fff40d36000 	/System/Library/Frameworks/IOSurface.framework/Versions/A/IOSurface
0x00007fff3ce2d000 	/System/Library/Frameworks/AudioToolbox.framework/Versions/A/AudioToolbox
0x00007fff3d0bd000 	/System/Library/Frameworks/AudioUnit.framework/Versions/A/AudioUnit
0x00007fff52890000 	/System/Library/PrivateFrameworks/DataDetectorsCore.framework/Versions/A/DataDetectorsCore
0x00007fff3d797000 	/System/Library/Frameworks/Carbon.framework/Versions/A/Frameworks/HIToolbox.framework/Versions/A/HIToolbox
0x00007fff64efb000 	/usr/lib/libicucore.A.dylib
0x00007fff49859000 	/System/Library/Frameworks/QuartzCore.framework/Versions/A/QuartzCore
0x00007fff5f4d7000 	/System/Library/PrivateFrameworks/SignpostNotification.framework/Versions/A/SignpostNotification
0x00007fff3db7d000 	/System/Library/Frameworks/Carbon.framework/Versions/A/Frameworks/SpeechRecognition.framework/Versions/A/SpeechRecognition
0x00007fff642f7000 	/usr/lib/libauto.dylib
0x00007fff6615d000 	/usr/lib/libxml2.2.dylib
0x00007fff52448000 	/System/Library/PrivateFrameworks/CoreUI.framework/Versions/A/CoreUI
0x00007fff3def8000 	/System/Library/Frameworks/CoreAudio.framework/Versions/A/CoreAudio
0x00007fff403f5000 	/System/Library/Frameworks/DiskArbitration.framework/Versions/A/DiskArbitration
0x00007fff6516f000 	/usr/lib/liblangid.dylib
0x00007fff59f52000 	/System/Library/PrivateFrameworks/MultitouchSupport.framework/Versions/A/MultitouchSupport
0x00007fff40c99000 	/System/Library/Frameworks/IOKit.framework/Versions/A/IOKit
0x00007fff63e25000 	/usr/lib/libDiagnosticMessagesClient.dylib
0x00007fff3f5d2000 	/System/Library/Frameworks/CoreServices.framework/Versions/A/CoreServices
0x00007fff5ba8a000 	/System/Library/PrivateFrameworks/PerformanceAnalysis.framework/Versions/A/PerformanceAnalysis
0x00007fff489f6000 	/System/Library/Frameworks/OpenGL.framework/Versions/A/OpenGL
0x00007fff3dcb2000 	/System/Library/Frameworks/ColorSync.framework/Versions/A/ColorSync
0x00007fff3ef0e000 	/System/Library/Frameworks/CoreImage.framework/Versions/A/CoreImage
0x00007fff3ff63000 	/System/Library/Frameworks/CoreText.framework/Versions/A/CoreText
0x00007fff40d94000 	/System/Library/Frameworks/ImageIO.framework/Versions/A/ImageIO
0x00007fff4f0f2000 	/System/Library/PrivateFrameworks/Backup.framework/Versions/A/Backup
0x00007fff64247000 	/usr/lib/libarchive.2.dylib
0x00007fff3d3e0000 	/System/Library/Frameworks/CFNetwork.framework/Versions/A/CFNetwork
0x00007fff4aa70000 	/System/Library/Frameworks/SystemConfiguration.framework/Versions/A/SystemConfiguration
0x00007fff63d4e000 	/usr/lib/libCRFSuite.dylib
0x00007fff643b2000 	/usr/lib/libbsm.0.dylib
0x00007fff664a4000 	/usr/lib/system/libkxld.dylib
0x00007fff6405f000 	/usr/lib/libOpenScriptingUtil.dylib
0x00007fff64721000 	/usr/lib/libcoretls.dylib
0x00007fff6473a000 	/usr/lib/libcoretls_cfhelpers.dylib
0x00007fff65c55000 	/usr/lib/libpam.2.dylib
0x00007fff65d80000 	/usr/lib/libsqlite3.dylib
0x00007fff6614c000 	/usr/lib/libxar.1.dylib
0x00007fff643c3000 	/usr/lib/libbz2.1.0.dylib
0x00007fff65171000 	/usr/lib/liblzma.5.dylib
0x00007fff65652000 	/usr/lib/libnetwork.dylib
0x00007fff64230000 	/usr/lib/libapple_nghttp2.dylib
0x00007fff65c5c000 	/usr/lib/libpcap.A.dylib
0x00007fff642f8000 	/usr/lib/libboringssl.dylib
0x00007fff660e7000 	/usr/lib/libusrtcp.dylib
0x00007fff6422f000 	/usr/lib/libapple_crypto.dylib
0x00007fff3f955000 	/System/Library/Frameworks/CoreServices.framework/Versions/A/Frameworks/FSEvents.framework/Versions/A/FSEvents
0x00007fff3f648000 	/System/Library/Frameworks/CoreServices.framework/Versions/A/Frameworks/CarbonCore.framework/Versions/A/CarbonCore
0x00007fff3fb1d000 	/System/Library/Frameworks/CoreServices.framework/Versions/A/Frameworks/Metadata.framework/Versions/A/Metadata
0x00007fff3fbce000 	/System/Library/Frameworks/CoreServices.framework/Versions/A/Frameworks/OSServices.framework/Versions/A/OSServices
0x00007fff3fc2f000 	/System/Library/Frameworks/CoreServices.framework/Versions/A/Frameworks/SearchKit.framework/Versions/A/SearchKit
0x00007fff3f5d3000 	/System/Library/Frameworks/CoreServices.framework/Versions/A/Frameworks/AE.framework/Versions/A/AE
0x00007fff3f95e000 	/System/Library/Frameworks/CoreServices.framework/Versions/A/Frameworks/LaunchServices.framework/Versions/A/LaunchServices
0x00007fff3f920000 	/System/Library/Frameworks/CoreServices.framework/Versions/A/Frameworks/DictionaryServices.framework/Versions/A/DictionaryServices
0x00007fff3fc9e000 	/System/Library/Frameworks/CoreServices.framework/Versions/A/Frameworks/SharedFileList.framework/Versions/A/SharedFileList
0x00007fff43e72000 	/System/Library/Frameworks/NetFS.framework/Versions/A/NetFS
0x00007fff5a1e3000 	/System/Library/PrivateFrameworks/NetAuth.framework/Versions/A/NetAuth
0x00007fff63af8000 	/System/Library/PrivateFrameworks/login.framework/Versions/A/Frameworks/loginsupport.framework/Versions/A/loginsupport
0x00007fff61e49000 	/System/Library/PrivateFrameworks/TCC.framework/Versions/A/TCC
0x00007fff65252000 	/usr/lib/libmecabra.dylib
0x00007fff3c8e3000 	/System/Library/Frameworks/ApplicationServices.framework/Versions/A/Frameworks/ATS.framework/Versions/A/ATS
0x00007fff3cc92000 	/System/Library/Frameworks/ApplicationServices.framework/Versions/A/Frameworks/ColorSyncLegacy.framework/Versions/A/ColorSyncLegacy
0x00007fff3cd36000 	/System/Library/Frameworks/ApplicationServices.framework/Versions/A/Frameworks/HIServices.framework/Versions/A/HIServices
0x00007fff3cd89000 	/System/Library/Frameworks/ApplicationServices.framework/Versions/A/Frameworks/LangAnalysis.framework/Versions/A/LangAnalysis
0x00007fff3cd98000 	/System/Library/Frameworks/ApplicationServices.framework/Versions/A/Frameworks/PrintCore.framework/Versions/A/PrintCore
0x00007fff3cde5000 	/System/Library/Frameworks/ApplicationServices.framework/Versions/A/Frameworks/QD.framework/Versions/A/QD
0x00007fff3ce20000 	/System/Library/Frameworks/ApplicationServices.framework/Versions/A/Frameworks/SpeechSynthesis.framework/Versions/A/SpeechSynthesis
0x00007fff3e373000 	/System/Library/Frameworks/CoreDisplay.framework/Versions/A/CoreDisplay
0x00007fff3a9e4000 	/System/Library/Frameworks/Accelerate.framework/Versions/A/Frameworks/vImage.framework/Versions/A/vImage
0x00007fff3b73e000 	/System/Library/Frameworks/Accelerate.framework/Versions/A/Frameworks/vecLib.framework/Versions/A/vecLib
0x00007fff3b4de000 	/System/Library/Frameworks/Accelerate.framework/Versions/A/Frameworks/vecLib.framework/Versions/A/libvDSP.dylib
0x00007fff3b03e000 	/System/Library/Frameworks/Accelerate.framework/Versions/A/Frameworks/vecLib.framework/Versions/A/libBNNS.dylib
0x00007fff3b443000 	/System/Library/Frameworks/Accelerate.framework/Versions/A/Frameworks/vecLib.framework/Versions/A/libQuadrature.dylib
0x00007fff3b68c000 	/System/Library/Frameworks/Accelerate.framework/Versions/A/Frameworks/vecLib.framework/Versions/A/libvMisc.dylib
0x00007fff3b06d000 	/System/Library/Frameworks/Accelerate.framework/Versions/A/Frameworks/vecLib.framework/Versions/A/libLAPACK.dylib
0x00007fff3aee3000 	/System/Library/Frameworks/Accelerate.framework/Versions/A/Frameworks/vecLib.framework/Versions/A/libBLAS.dylib
0x00007fff3b42d000 	/System/Library/Frameworks/Accelerate.framework/Versions/A/Frameworks/vecLib.framework/Versions/A/libLinearAlgebra.dylib
0x00007fff3b449000 	/System/Library/Frameworks/Accelerate.framework/Versions/A/Frameworks/vecLib.framework/Versions/A/libSparse.dylib
0x00007fff3b4ca000 	/System/Library/Frameworks/Accelerate.framework/Versions/A/Frameworks/vecLib.framework/Versions/A/libSparseBLAS.dylib
0x00007fff56fcf000 	/System/Library/PrivateFrameworks/GPUWrangler.framework/Versions/A/GPUWrangler
0x00007fff58763000 	/System/Library/PrivateFrameworks/IOAccelerator.framework/Versions/A/IOAccelerator
0x00007fff5876e000 	/System/Library/PrivateFrameworks/IOPresentment.framework/Versions/A/IOPresentment
0x00007fff5280a000 	/System/Library/PrivateFrameworks/DSExternalDisplay.framework/Versions/A/DSExternalDisplay
0x00007fff47e75000 	/System/Library/Frameworks/OpenGL.framework/Versions/A/Libraries/libCoreFSCache.dylib
0x00007fff400b4000 	/System/Library/Frameworks/CoreVideo.framework/Versions/A/CoreVideo
0x00007fff57d4a000 	/System/Library/PrivateFrameworks/GraphVisualizer.framework/Versions/A/GraphVisualizer
0x00007fff42e73000 	/System/Library/Frameworks/MetalPerformanceShaders.framework/Versions/A/MetalPerformanceShaders
0x00007fff63e5d000 	/usr/lib/libFosl_dynamic.dylib
0x00007fff538d9000 	/System/Library/PrivateFrameworks/FaceCore.framework/Versions/A/FaceCore
0x00007fff46c70000 	/System/Library/Frameworks/OpenCL.framework/Versions/A/OpenCL
0x00007fff6445f000 	/usr/lib/libcompression.dylib
0x00007fff3c9e2000 	/System/Library/Frameworks/ApplicationServices.framework/Versions/A/Frameworks/ATS.framework/Versions/A/Resources/libFontParser.dylib
0x00007fff3cb05000 	/System/Library/Frameworks/ApplicationServices.framework/Versions/A/Frameworks/ATS.framework/Versions/A/Resources/libFontRegistry.dylib
0x00007fff40ffd000 	/System/Library/Frameworks/ImageIO.framework/Versions/A/Resources/libJPEG.dylib
0x00007fff41339000 	/System/Library/Frameworks/ImageIO.framework/Versions/A/Resources/libTIFF.dylib
0x00007fff4130f000 	/System/Library/Frameworks/ImageIO.framework/Versions/A/Resources/libPng.dylib
0x00007fff40f10000 	/System/Library/Frameworks/ImageIO.framework/Versions/A/Resources/libGIF.dylib
0x00007fff40f15000 	/System/Library/Frameworks/ImageIO.framework/Versions/A/Resources/libJP2.dylib
0x00007fff41336000 	/System/Library/Frameworks/ImageIO.framework/Versions/A/Resources/libRadiance.dylib
0x00007fff4e81c000 	/System/Library/PrivateFrameworks/AppleJPEG.framework/Versions/A/AppleJPEG
0x00007fff42cda000 	/System/Library/Frameworks/MetalPerformanceShaders.framework/Frameworks/MPSCore.framework/Versions/A/MPSCore
0x00007fff42cf6000 	/System/Library/Frameworks/MetalPerformanceShaders.framework/Frameworks/MPSImage.framework/Versions/A/MPSImage
0x00007fff42d8b000 	/System/Library/Frameworks/MetalPerformanceShaders.framework/Frameworks/MPSNeuralNetwork.framework/Versions/A/MPSNeuralNetwork
0x00007fff42d66000 	/System/Library/Frameworks/MetalPerformanceShaders.framework/Frameworks/MPSMatrix.framework/Versions/A/MPSMatrix
0x00007fff59c66000 	/System/Library/PrivateFrameworks/MetalTools.framework/Versions/A/MetalTools
0x00007fff48040000 	/System/Library/Frameworks/OpenGL.framework/Versions/A/Libraries/libGLU.dylib
0x00007fff47e80000 	/System/Library/Frameworks/OpenGL.framework/Versions/A/Libraries/libGFXShared.dylib
0x00007fff47e8a000 	/System/Library/Frameworks/OpenGL.framework/Versions/A/Libraries/libGL.dylib
0x00007fff47e96000 	/System/Library/Frameworks/OpenGL.framework/Versions/A/Libraries/libGLImage.dylib
0x00007fff47e72000 	/System/Library/Frameworks/OpenGL.framework/Versions/A/Libraries/libCVMSPluginSupport.dylib
0x00007fff47e7b000 	/System/Library/Frameworks/OpenGL.framework/Versions/A/Libraries/libCoreVMClient.dylib
0x00007fff64c0c000 	/usr/lib/libcups.2.dylib
0x00007fff42241000 	/System/Library/Frameworks/Kerberos.framework/Versions/A/Kerberos
0x00007fff409f3000 	/System/Library/Frameworks/GSS.framework/Versions/A/GSS
0x00007fff65d13000 	/usr/lib/libresolv.9.dylib
0x00007fff64e09000 	/usr/lib/libiconv.2.dylib
0x00007fff57ddc000 	/System/Library/PrivateFrameworks/Heimdal.framework/Versions/A/Heimdal
0x00007fff64dd8000 	/usr/lib/libheimdal-asn1.dylib
0x00007fff46ce8000 	/System/Library/Frameworks/OpenDirectory.framework/Versions/A/OpenDirectory
0x00007fff50b35000 	/System/Library/PrivateFrameworks/CommonAuth.framework/Versions/A/CommonAuth
0x00007fff46ccb000 	/System/Library/Frameworks/OpenDirectory.framework/Versions/A/Frameworks/CFOpenDirectory.framework/Versions/A/CFOpenDirectory
0x00007fff4a609000 	/System/Library/Frameworks/SecurityFoundation.framework/Versions/A/SecurityFoundation
0x00007fff4d9dd000 	/System/Library/PrivateFrameworks/APFS.framework/Versions/A/APFS
0x00007fff66148000 	/usr/lib/libutil.dylib
0x00007fff4e89f000 	/System/Library/PrivateFrameworks/AppleSauce.framework/Versions/A/AppleSauce
0x00007fff58f4b000 	/System/Library/PrivateFrameworks/LinguisticData.framework/Versions/A/LinguisticData
0x00007fff6518b000 	/usr/lib/libmarisa.dylib
0x00007fff58f05000 	/System/Library/PrivateFrameworks/Lexicon.framework/Versions/A/Lexicon
0x00007fff63d88000 	/usr/lib/libChineseTokenizer.dylib
0x00007fff6444e000 	/usr/lib/libcmph.dylib
0x00007fff58e0f000 	/System/Library/PrivateFrameworks/LanguageModeling.framework/Versions/A/LanguageModeling
0x00007fff51652000 	/System/Library/PrivateFrameworks/CoreEmoji.framework/Versions/A/CoreEmoji
0x00007fff4a6c7000 	/System/Library/Frameworks/ServiceManagement.framework/Versions/A/ServiceManagement
0x00007fff4f0ea000 	/System/Library/PrivateFrameworks/BackgroundTaskManagement.framework/Versions/A/BackgroundTaskManagement
0x00007fff66245000 	/usr/lib/libxslt.1.dylib
0x00007fff3daa7000 	/System/Library/Frameworks/Carbon.framework/Versions/A/Frameworks/Ink.framework/Versions/A/Ink
0x00007fff6205e000 	/System/Library/PrivateFrameworks/TextureIO.framework/Versions/A/TextureIO
0x00007fff64272000 	/usr/lib/libate.dylib
0x00007fff52769000 	/System/Library/PrivateFrameworks/CrashReporterSupport.framework/Versions/A/CrashReporterSupport
0x00007fff5f397000 	/System/Library/PrivateFrameworks/Sharing.framework/Versions/A/Sharing
0x00007fff58b50000 	/System/Library/PrivateFrameworks/IconServices.framework/Versions/A/IconServices
0x00007fff4ed1a000 	/System/Library/PrivateFrameworks/AuthKit.framework/Versions/A/AuthKit
0x00007fff4e69f000 	/System/Library/PrivateFrameworks/Apple80211.framework/Versions/A/Apple80211
0x00007fff5257e000 	/System/Library/PrivateFrameworks/CoreUtils.framework/Versions/A/CoreUtils
0x00007fff400ef000 	/System/Library/Frameworks/CoreWLAN.framework/Versions/A/CoreWLAN
0x00007fff40b35000 	/System/Library/Frameworks/IOBluetooth.framework/Versions/A/IOBluetooth
0x00007fff5d859000 	/System/Library/PrivateFrameworks/ProtocolBuffer.framework/Versions/A/ProtocolBuffer
0x00007fff59ead000 	/System/Library/PrivateFrameworks/MobileKeyBag.framework/Versions/A/MobileKeyBag
0x00007fff51df6000 	/System/Library/PrivateFrameworks/CorePhoneNumbers.framework/Versions/A/CorePhoneNumbers
0x00007fff4e7d7000 	/System/Library/PrivateFrameworks/AppleIDAuthSupport.framework/Versions/A/AppleIDAuthSupport
0x00007fff58dfb000 	/System/Library/PrivateFrameworks/KeychainCircle.framework/Versions/A/KeychainCircle
0x00007fff52704000 	/System/Library/PrivateFrameworks/CoreWiFi.framework/Versions/A/CoreWiFi
0x00007fff3dff2000 	/System/Library/Frameworks/CoreBluetooth.framework/Versions/A/CoreBluetooth
0x00007fff52954000 	/System/Library/PrivateFrameworks/DebugSymbols.framework/Versions/A/DebugSymbols
0x00007fff52334000 	/System/Library/PrivateFrameworks/CoreSymbolication.framework/Versions/A/CoreSymbolication
0x00007fff6184f000 	/System/Library/PrivateFrameworks/Symbolication.framework/Versions/A/Symbolication
0x00007fff4e6c9000 	/System/Library/PrivateFrameworks/AppleFSCompression.framework/Versions/A/AppleFSCompression
0x00007fff60c9c000 	/System/Library/PrivateFrameworks/SpeechRecognitionCore.framework/Versions/A/SpeechRecognitionCore
0x000000010fe00000 	/Library/Java/JavaVirtualMachines/jdk-15.0.2.jdk/Contents/Home/lib/server/libjvm.dylib
0x000000010f5af000 	/Library/Java/JavaVirtualMachines/jdk-15.0.2.jdk/Contents/Home/lib/libjimage.dylib
0x0000000110ebe000 	/Library/Java/JavaVirtualMachines/jdk-15.0.2.jdk/Contents/Home/lib/libjdwp.dylib
0x000000010f5bd000 	/Library/Java/JavaVirtualMachines/jdk-15.0.2.jdk/Contents/Home/lib/./libjava.dylib
0x000000010f5e8000 	/Library/Java/JavaVirtualMachines/jdk-15.0.2.jdk/Contents/Home/lib/libinstrument.dylib
0x0000000116ee3000 	/Library/Java/JavaVirtualMachines/jdk-15.0.2.jdk/Contents/Home/lib/libdt_socket.dylib
0x0000000116eef000 	/Library/Java/JavaVirtualMachines/jdk-15.0.2.jdk/Contents/Home/lib/libzip.dylib
0x0000000116efd000 	/Library/Java/JavaVirtualMachines/jdk-15.0.2.jdk/Contents/Home/lib/libnio.dylib
0x0000000116f11000 	/Library/Java/JavaVirtualMachines/jdk-15.0.2.jdk/Contents/Home/lib/./libnet.dylib
0x000000011719e000 	/Library/Java/JavaVirtualMachines/jdk-15.0.2.jdk/Contents/Home/lib/libverify.dylib


VM Arguments:
jvm_args: -XX:+ShowCodeDetailsInExceptionMessages -agentlib:jdwp=transport=dt_socket,suspend=y,address=localhost:51953 -javaagent:/Users/xavier/eclipse/java-2020-12/Eclipse.app/Contents/Eclipse/configuration/org.eclipse.osgi/213/0/.cp/lib/javaagent-shaded.jar -Dfile.encoding=UTF-8 
java_command: SimpleCompetitions
java_class_path (initial): /Users/xavier/Documents/GitHub/sem1-2021-final-project-HaozeXia
Launcher Type: SUN_STANDARD

[Global flags]
     intx CICompilerCount                          = 3                                         {product} {ergonomic}
     uint ConcGCThreads                            = 1                                         {product} {ergonomic}
     uint G1ConcRefinementThreads                  = 4                                         {product} {ergonomic}
   size_t G1HeapRegionSize                         = 1048576                                   {product} {ergonomic}
    uintx GCDrainStackTargetSize                   = 64                                        {product} {ergonomic}
   size_t InitialHeapSize                          = 134217728                                 {product} {ergonomic}
   size_t MarkStackSize                            = 4194304                                   {product} {ergonomic}
   size_t MaxHeapSize                              = 2147483648                                {product} {ergonomic}
   size_t MaxNewSize                               = 1287651328                                {product} {ergonomic}
   size_t MinHeapDeltaBytes                        = 1048576                                   {product} {ergonomic}
   size_t MinHeapSize                              = 8388608                                   {product} {ergonomic}
    uintx NonNMethodCodeHeapSize                   = 5832780                                {pd product} {ergonomic}
    uintx NonProfiledCodeHeapSize                  = 122912730                              {pd product} {ergonomic}
    uintx ProfiledCodeHeapSize                     = 122912730                              {pd product} {ergonomic}
    uintx ReservedCodeCacheSize                    = 251658240                              {pd product} {ergonomic}
     bool SegmentedCodeCache                       = true                                      {product} {ergonomic}
     bool ShowCodeDetailsInExceptionMessages       = true                                   {manageable} {command line}
   size_t SoftMaxHeapSize                          = 2147483648                             {manageable} {ergonomic}
     bool UseCompressedClassPointers               = true                                 {lp64_product} {ergonomic}
     bool UseCompressedOops                        = true                                 {lp64_product} {ergonomic}
     bool UseG1GC                                  = true                                      {product} {ergonomic}
     bool UseNUMA                                  = false                                     {product} {ergonomic}
     bool UseNUMAInterleaving                      = false                                     {product} {ergonomic}

Logging:
Log output configuration:
 #0: stdout all=warning uptime,level,tags
 #1: stderr all=off uptime,level,tags

Environment Variables:
PATH=/usr/bin:/bin:/usr/sbin:/sbin
SHELL=/bin/bash

Signal Handlers:
SIGSEGV: [libjvm.dylib+0x9ff2f0], sa_mask[0]=11111111011111110111111111111111, sa_flags=SA_ONSTACK|SA_RESTART|SA_SIGINFO
SIGBUS: [libjvm.dylib+0x9ff2f0], sa_mask[0]=11111111011111110111111111111111, sa_flags=SA_RESTART|SA_SIGINFO
SIGFPE: [libjvm.dylib+0x9ff2f0], sa_mask[0]=11111111011111110111111111111111, sa_flags=SA_RESTART|SA_SIGINFO
SIGPIPE: [libjvm.dylib+0x82ae30], sa_mask[0]=11111111011111110111111111111111, sa_flags=SA_RESTART|SA_SIGINFO
SIGXFSZ: [libjvm.dylib+0x82ae30], sa_mask[0]=11111111011111110111111111111111, sa_flags=SA_RESTART|SA_SIGINFO
SIGILL: [libjvm.dylib+0x9ff2f0], sa_mask[0]=11111111011111110111111111111111, sa_flags=SA_RESTART|SA_SIGINFO
SIGUSR2: [libjvm.dylib+0x82b940], sa_mask[0]=00100000000000000000000000000000, sa_flags=SA_RESTART|SA_SIGINFO
SIGHUP: [libjvm.dylib+0x82a040], sa_mask[0]=11111111011111110111111111111111, sa_flags=SA_RESTART|SA_SIGINFO
SIGINT: [libjvm.dylib+0x82a040], sa_mask[0]=11111111011111110111111111111111, sa_flags=SA_RESTART|SA_SIGINFO
SIGTERM: [libjvm.dylib+0x82a040], sa_mask[0]=11111111011111110111111111111111, sa_flags=SA_RESTART|SA_SIGINFO
SIGQUIT: [libjvm.dylib+0x82a040], sa_mask[0]=11111111011111110111111111111111, sa_flags=SA_RESTART|SA_SIGINFO


---------------  S Y S T E M  ---------------

OS:uname: Darwin 17.7.0 Darwin Kernel Version 17.7.0: Fri Oct 30 13:34:27 PDT 2020; root:xnu-4570.71.82.8~1/RELEASE_X86_64 x86_64
OS uptime: 18 days 20:27 hours
rlimit (soft/hard): STACK 8192k/65532k , CORE 0k/infinity , NPROC 709/1064 , NOFILE 10240/infinity , AS infinity/infinity , CPU infinity/infinity , DATA infinity/infinity , FSIZE infinity/infinity , MEMLOCK infinity/infinity , RSS infinity/infinity
load average: 2.61 3.17 3.20

CPU: total 4 (initial active 4) (2 cores per cpu, 2 threads per core) family 6 model 78 stepping 3 microcode 0xdc, cmov, cx8, fxsr, mmx, sse, sse2, sse3, ssse3, sse4.1, sse4.2, popcnt, vzeroupper, avx, avx2, aes, clmul, erms, 3dnowpref, lzcnt, ht, tsc, tscinvbit, bmi1, bmi2, adx, fma, clflush, clflushopt

Memory: 4k page, physical 8388608k(57852k free), swap 3145728k(1056768k free)

vm_info: Java HotSpot(TM) 64-Bit Server VM (15.0.2+7-27) for bsd-amd64 JRE (15.0.2+7-27), built on Dec  7 2020 20:08:32 by "mach5one" with clang 4.2.1 Compatible Apple LLVM 10.0.0 (clang-1000.11.45.5)

END.
